SF:lib/src/common/initialization/initialization.dart
DA:10,1
DA:14,2
DA:16,2
DA:18,2
DA:24,1
DA:25,2
DA:30,0
DA:31,0
DA:34,1
DA:35,0
DA:36,2
DA:38,1
DA:44,1
DA:47,1
DA:49,2
DA:50,0
DA:53,0
DA:54,0
DA:58,1
DA:59,0
DA:60,0
DA:61,0
DA:62,0
DA:63,0
DA:64,0
DA:66,0
DA:69,0
LF:27
LH:13
end_of_record
SF:lib/src/common/widget/app.dart
DA:13,1
DA:15,1
DA:16,1
DA:29,4
DA:31,2
DA:32,2
DA:33,1
DA:36,1
LF:8
LH:8
end_of_record
SF:lib/src/feature/about/widget/about_dialog.dart
DA:8,2
DA:10,0
DA:12,0
DA:13,0
DA:15,1
DA:16,1
DA:21,1
DA:22,1
DA:24,1
DA:28,1
DA:29,1
DA:31,3
DA:34,1
DA:36,3
DA:40,1
DA:41,1
DA:42,0
LF:17
LH:13
end_of_record
SF:lib/src/feature/counter/controller/counter_controller.dart
DA:10,1
DA:12,1
DA:20,1
DA:21,2
DA:22,3
DA:23,2
DA:28,1
DA:29,2
DA:30,3
DA:31,2
LF:10
LH:10
end_of_record
SF:lib/src/feature/counter/widget/counter_scope.dart
DA:11,1
DA:22,1
DA:23,1
DA:28,1
DA:29,1
DA:31,1
DA:32,1
DA:40,1
DA:42,1
DA:43,2
DA:44,1
DA:49,1
DA:51,2
DA:52,1
DA:56,1
DA:57,1
DA:58,1
DA:59,2
DA:65,1
DA:68,1
DA:75,1
DA:76,1
DA:77,2
DA:79,1
DA:81,0
DA:90,1
DA:91,1
LF:27
LH:26
end_of_record
SF:lib/src/feature/counter/widget/counter_screen.dart
DA:14,1
DA:16,1
DA:17,1
DA:18,1
DA:20,1
DA:21,1
DA:23,2
DA:29,1
DA:30,2
DA:31,2
DA:32,2
DA:34,2
DA:36,1
DA:37,1
DA:38,1
DA:39,1
DA:43,1
DA:46,1
DA:67,1
DA:69,1
DA:71,1
DA:72,1
DA:73,1
DA:74,1
DA:75,1
DA:78,1
DA:81,2
DA:90,1
DA:92,1
DA:94,1
DA:95,1
DA:96,1
DA:97,1
DA:98,1
DA:101,1
DA:104,2
DA:113,1
DA:115,1
DA:116,1
DA:117,1
DA:118,2
DA:119,2
DA:120,2
DA:122,2
DA:124,2
DA:126,1
DA:127,2
DA:132,1
DA:133,1
DA:134,1
DA:135,1
DA:140,1
LF:52
LH:52
end_of_record
SF:lib/src/common/controller/controller.dart
DA:22,1
DA:24,2
DA:27,1
DA:30,2
DA:31,1
DA:33,1
DA:37,0
DA:40,0
DA:43,2
DA:44,1
DA:48,1
DA:51,1
LF:12
LH:10
end_of_record
SF:lib/src/common/util/logging.dart
DA:6,0
DA:9,0
DA:12,0
DA:15,0
DA:18,0
DA:20,0
DA:24,0
DA:26,0
DA:27,0
DA:30,0
LF:10
LH:0
end_of_record
SF:lib/src/common/controller/listenable_selector.dart
DA:28,1
DA:32,1
DA:36,1
DA:48,1
DA:49,5
DA:53,1
DA:54,3
DA:55,1
DA:56,3
DA:57,1
DA:58,1
DA:61,1
DA:63,1
DA:64,4
DA:65,3
DA:67,1
DA:70,1
DA:72,1
DA:73,4
DA:76,0
DA:78,0
DA:79,0
LF:22
LH:19
end_of_record
SF:lib/src/common/controller/state_controller.dart
DA:11,1
DA:13,1
DA:15,1
DA:18,1
DA:21,1
DA:22,1
LF:6
LH:6
end_of_record
SF:lib/src/common/util/error_util.dart
DA:19,0
DA:26,0
DA:27,0
DA:34,0
DA:35,0
DA:37,0
DA:38,0
DA:44,0
DA:51,0
DA:52,0
DA:54,0
DA:55,0
DA:61,0
DA:62,0
DA:65,0
DA:69,0
DA:71,0
DA:73,0
DA:75,0
DA:77,0
DA:91,0
DA:93,0
DA:95,0
DA:97,0
DA:104,0
DA:105,0
DA:106,0
LF:27
LH:0
end_of_record
SF:lib/src/common/initialization/platform/platform_initialization_io.dart
DA:1,1
LF:1
LH:1
end_of_record
SF:lib/src/common/util/error_util/error_util_platform.dart
DA:9,0
DA:15,0
DA:32,0
DA:38,0
LF:4
LH:0
end_of_record
SF:lib/src/common/widget/radial_progress_indicator.dart
DA:10,1
DA:22,1
DA:23,1
DA:30,1
DA:32,1
DA:33,2
DA:36,1
DA:37,2
DA:38,1
DA:43,1
DA:45,2
DA:46,1
DA:49,1
DA:50,1
DA:51,1
DA:52,2
DA:53,1
DA:54,1
DA:55,1
DA:56,1
DA:57,2
DA:59,1
DA:60,2
DA:69,1
DA:73,1
DA:74,1
DA:75,1
DA:76,1
DA:77,1
DA:82,1
DA:84,4
DA:85,2
DA:86,1
DA:87,1
DA:88,6
DA:90,3
DA:91,5
DA:93,2
DA:96,0
DA:98,0
DA:100,0
LF:41
LH:38
end_of_record
SF:lib/src/feature/about/widget/about_icon_button.dart
DA:10,1
DA:12,1
DA:13,1
DA:14,0
LF:4
LH:3
end_of_record
SF:lib/src/feature/counter/data/counter_repository.dart
DA:9,1
DA:10,3
DA:12,1
DA:13,3
DA:15,0
DA:16,0
DA:18,0
DA:19,0
LF:8
LH:4
end_of_record
SF:lib/src/feature/counter/widget/counter_progress_barrier.dart
DA:12,1
DA:21,1
DA:22,1
DA:23,1
DA:24,1
DA:25,1
DA:27,2
DA:29,1
DA:30,1
DA:31,1
DA:33,1
DA:34,1
DA:35,1
DA:36,1
DA:37,1
DA:38,1
DA:39,1
DA:50,1
DA:51,1
DA:53,2
DA:55,1
DA:56,1
DA:61,1
DA:70,1
DA:72,1
LF:25
LH:25
end_of_record
